date time tr% acc wn acc1 acc2 acc3 acc4 acc5 acc6 acc7 acc8 acc9 depth unseen missWN missDB onlyCL onlyWords expNum
21/04 18:51:51 0.1 4.33568 0 65.7701 57.7895 80.0265 71.311 56.2904 98.7213 99.8677 67.7396 9.97942 5 5016 0 0 1 0 224 
21/04 18:52:28 0.1 0.468864 0 62.7546 52.2491 77.5678 48.1319 47.5165 56.7766 57.4066 63.3993 5.39194 5 5083 0 0 0 1 198 
21/04 18:53:14 0.1 0.517445 1 61.4429 49.9556 75.6505 53.5038 49.2312 72.9598 74.0538 60.7629 6.0615 5 5012 3682 22 0 1 437 
21/04 18:54:28 0.1 3.57673 0 60.8638 56.1591 79.4895 65.4497 53.6658 98.6643 99.8813 66.6518 9.08281 5 4943 0 0 0 0 827 
21/04 18:55:47 0.1 3.54371 1 60.4042 55.7768 79.2503 64.1236 54.1953 98.6674 99.8829 66.1005 9.56216 5 5117 3749 22 0 0 540 
21/04 20:10:00 0.1 0.530504 0 61.789 52.7704 76.6726 48.6148 48.8358 58.9744 59.7701 63.8668 5.65871 5 5020 0 0 0 1 696 
21/04 20:10:46 0.1 0.556206 1 60.0703 52.3419 76.976 53.1909 48.1704 72.7166 73.5802 62.7927 6.1329 5 5109 3748 23 0 1 429 
21/04 20:12:12 0.1 3.65961 0 62.2134 56.8048 78.7184 66.9312 53.5126 98.6038 99.8971 65.7113 9.34744 5 5046 0 0 0 0 123 
21/04 20:13:32 0.1 3.92701 1 64.438 55.635 78.365 67.9416 55.6058 98.6569 99.854 65.7956 9.69343 5 5122 3749 25 0 0 468 
21/04 20:17:34 0.1 3.1149 1 58.8011 56.0976 77.8578 61.4752 52.2921 98.6042 99.8678 65.2953 9.10961 5 5047 3714 26 0 0 247 
21/04 20:19:43 0.1 0.45716 0 61.2004 53.0305 77.7466 46.0994 48.0165 57.0122 57.8971 63.4567 5.36794 5 5042 0 0 0 1 598 
21/04 20:20:24 0.1 0.517445 1 57.9687 51.7889 76.4341 50.3548 49.2608 73.152 74.4678 62.0047 6.0615 5 5048 3707 15 0 1 306 
21/04 20:21:46 0.1 3.69118 0 62.6618 56.6765 79.4412 66.4412 54.1176 98.7206 99.8529 66.4853 9.72059 5 5065 0 0 0 0 849 
21/04 20:23:00 0.1 3.20824 1 61.8837 56.571 78.8962 65.8278 54.3488 98.6608 99.8675 65.6071 8.96247 5 5051 3722 14 0 0 949 
21/04 20:53:38 0.1 0.501771 0 62.441 52.4793 77.745 48.1995 47.8601 56.6558 57.6299 64.2414 5.38666 5 5075 0 0 0 1 244 1 
21/04 20:54:24 0.1 0.855457 1 59.9115 50.6342 75.708 50.9587 48.1416 73.5693 74.3658 62.1386 6.66667 5 4985 3669 16 0 1 315 1 
21/04 20:55:56 0.1 3.04583 0 64.1236 57.168 79.0306 67.7259 54.415 98.6528 99.8536 65.7637 8.52248 5 5084 0 0 0 0 758 1 
21/04 20:57:23 0.1 3.40166 1 62.3056 56.4472 78.0491 67.2191 55.5895 98.7062 99.8692 65.8817 9.60895 5 5156 3774 21 0 0 702 1 
21/04 21:11:04 0.1 0.543878 0 61.6787 53.2265 77.7157 47.8024 47.4497 58.239 59.0181 63.6925 5.86506 5 5045 0 0 0 1 110 0.5 
21/04 21:12:01 0.1 0.882223 1 62.1967 50.7131 76.4446 53.4186 48.8752 72.4011 73.6509 63.3289 6.52845 5 5080 3741 23 0 1 449 0.5 
21/04 21:13:40 0.1 3.84896 0 61.525 56.3785 79.4285 67.0214 54.8768 98.6295 99.8542 65.8697 9.56408 5 5087 0 0 0 0 988 0.5 
21/04 21:15:27 0.1 3.64522 1 62.6033 56.3607 78.66 67.2373 54.088 98.6128 99.8524 65.0089 9.53365 5 4997 3681 26 0 0 483 0.5 
21/04 22:51:02 0.9 0.287356 0 63.3621 54.3103 79.023 59.4828 50.5747 79.7414 80.3161 65.2299 7.61494 5 411 0 0 0 1 692 0.5 
21/04 22:51:19 0.9 0.913838 1 57.4413 56.3969 78.9817 60.1828 53.7859 82.1149 84.5953 64.3603 7.70235 5 397 305 0 0 1 675 0.5 
21/04 22:51:29 0.9 3.52304 0 66.6667 57.8591 78.1843 69.2412 56.5041 98.7805 100 66.3957 9.21409 5 399 0 0 0 0 891 0.5 
21/04 22:51:39 0.9 3.8874 1 63.6729 59.5174 80.1609 67.1582 53.3512 98.5255 99.866 68.4987 8.31099 5 409 311 1 0 0 268 0.5 
21/04 22:56:25 0.9 4.5512 0 64.7282 57.9014 80.2781 68.9001 55.2465 98.6094 99.8736 66.8774 10.1138 5 444 0 0 1 0 999 0.5 
21/04 22:56:30 0.9 0.530504 0 60.8753 53.3156 76.5252 61.2732 50.2653 81.565 82.7586 62.9973 5.57029 5 421 0 0 0 1 324 0.5 
21/04 22:56:35 0.9 0.832178 1 63.939 54.3689 81.4147 60.749 52.982 84.1886 85.5756 66.2968 8.32178 5 385 288 0 0 1 187 0.5 
21/04 22:56:45 0.9 4.53939 0 65.9546 59.4126 81.0414 69.4259 54.7397 98.9319 99.8665 66.0881 10.1469 5 398 0 0 0 0 242 0.5 
21/04 22:56:55 0.9 4.90956 1 64.8579 56.7183 79.9742 68.863 54.6512 98.9664 100 67.3127 9.56072 5 374 284 2 0 0 559 0.5 
21/04 23:14:44 0.1 4.31539 0 65.7109 57.9286 79.9444 71.3136 56.4073 98.6396 99.8683 67.4956 9.84494 5 5066 0 0 1 0 16 0.5 
21/04 23:15:17 0.1 0.470312 0 62.6543 53.1158 76.9253 47.428 47.8983 57.5397 58.3774 63.5802 5.55556 5 5045 0 0 0 1 161 0.5 
21/04 23:16:11 0.1 0.487445 1 61.226 50.2216 76.1743 51.9498 48.7445 72.9394 73.7666 63.5303 6.0709 5 5028 3690 21 0 1 995 0.5 
21/04 23:17:34 0.1 3.88278 0 61.8168 56.4689 79.3407 66.652 54.7253 98.7839 99.8828 66.3443 9.50916 5 5109 0 0 0 0 14 0.5 
21/04 23:18:53 0.1 3.32158 1 62.1693 55.5556 76.8812 65.1969 54.6002 98.6479 99.8677 63.4921 9.34744 5 5096 3741 21 0 0 535 0.5 
21/04 23:32:55 0.9 4 0 61.5 52.5 79.5 65.5 56.5 98.5 99.5 72 10.5 5 111 0 0 1 0 958 0.5 
21/04 23:32:56 0.9 1.5 0 67.5 52 77.5 57.5 50.5 84.5 84.5 69.5 10 5 101 0 0 0 1 415 0.5 
21/04 23:32:58 0.9 1 1 56.5 52 72 63.5 53 81.5 83.5 56 6 5 103 75 0 0 1 555 0.5 
21/04 23:33:02 0.9 3.5 0 61.5 59.5 86.5 70 56.5 98.5 100 71.5 7.5 5 92 0 0 0 0 924 0.5 
21/04 23:33:04 0.9 2.5 1 62 64.5 85.5 72 57 97 100 66.5 7.5 5 93 73 0 0 0 360 0.5 
21/04 23:37:37 0.9 8 0 67.5 59 81.5 68.5 49 99 99.5 64 13 5 98 0 0 1 0 996 0.5 
21/04 23:37:38 0.9 0.5 0 63.5 49.5 74.5 61 52.5 77.5 78 64.5 7 5 105 0 0 0 1 318 0.5 
21/04 23:37:40 0.9 0.5 1 63 55 79 56.5 54 84.5 87 72.5 7.5 5 99 70 1 0 1 275 0.5 
21/04 23:37:43 0.9 3.5 0 55 57.5 77 66 59 98 99.5 68.5 8.5 5 113 0 0 0 0 747 0.5 
21/04 23:37:46 0.9 3.5 1 66 57.5 83 66 55.5 97.5 100 67 11 5 94 71 0 0 0 388 0.5 
21/04 23:40:11 0.9 6 0 70.5 64.5 84.5 72 52 100 100 68.5 12 5 90 0 0 1 0 992 0.5 
21/04 23:40:12 0.9 0.5 0 59.5 51 73.5 59 52.5 80.5 82 63 9 5 92 0 0 0 1 241 0.5 
21/04 23:40:14 0.9 0.5 1 63 57.5 81.5 66 50 87.5 87.5 64 7.5 5 103 74 0 0 1 148 0.5 
21/04 23:40:16 0.9 2.5 0 56.5 56.5 77 70 56 98.5 100 65.5 7.5 5 100 0 0 0 0 644 0.5 
21/04 23:40:19 0.9 2.5 1 57.5 51 74 69.5 57.5 98 99.5 64.5 7 5 96 78 0 0 0 335 0.5 
21/04 23:41:11 0.9 5 0 60.5 65 83.5 70.5 54 100 100 72.5 13 5 88 0 0 1 0 779 0.5 
21/04 23:41:12 0.9 0.5 0 64 54 77 51.5 49 79.5 80 65 8.5 5 99 0 0 0 1 488 0.5 
21/04 23:41:14 0.9 0.5 1 64 49.5 81 63 57 85.5 87 65.5 8.5 5 96 72 0 0 1 634 0.5 
21/04 23:41:16 0.9 6 0 62 58.5 76.5 68 56.5 99 99.5 66 10 5 89 0 0 0 0 616 0.5 
21/04 23:41:19 0.9 3.5 1 68 57.5 77.5 73.5 55.5 98 100 66.5 9 5 112 86 2 0 0 871 0.5 
21/04 23:42:29 0.9 4 0 63.5 59.5 82 73 54 99 100 64.5 10.5 5 91 0 0 1 0 588 0.5 
21/04 23:42:30 0.9 0 0 59 51.5 74.5 57 55 82.5 84.5 61 7.5 5 109 0 0 0 1 954 0.5 
21/04 23:42:32 0.9 0.5 1 59.5 57.5 78 57.5 55 83.5 84 63 11.5 5 97 80 0 0 1 525 0.5 
21/04 23:42:35 0.9 3 0 63 63.5 81.5 69.5 52 97 100 64.5 9.5 5 88 0 0 0 0 271 0.5 
21/04 23:42:38 0.9 2.5 1 63 59.5 84 66.5 49.5 99.5 100 71.5 10 5 93 75 0 0 0 804 0.5 
22/04 00:24:34 0.9 5.5 0 71.5 54.5 73.5 74.5 65 99 100 61.5 11 5 94 0 0 1 0 722 0.5 
22/04 00:24:36 0.9 0 0 62 52.5 75 58 50 78.5 82 59 10 5 92 0 0 0 1 702 0.5 
22/04 00:24:37 0.9 1.5 1 63.5 54 77 62.5 51.5 78.5 78.5 65.5 9.5 5 106 85 0 0 1 82 0.5 
22/04 00:24:40 0.9 2 0 67 58.5 84.5 71 50.5 99 100 60 7 5 102 0 0 0 0 858 0.5 
22/04 00:24:43 0.9 4.5 1 60.5 68.5 84.5 66.5 54 99 100 72.5 13 5 102 78 0 0 0 671 0.5 
22/04 00:31:46 0.9 4 0 63 60.5 80.5 72.5 58.5 98.5 100 63.5 9 5 92 0 0 1 0 336 0.5 
22/04 00:32:30 0.9 4 0 65 55 86 71 51.5 97.5 100 70 9.5 5 100 0 0 1 0 151 0.5 
22/04 00:32:32 0.9 2 0 52 51 74 59.5 52 80 81 58 9.5 5 95 0 0 0 1 105 0.5 
22/04 00:32:34 0.9 1 1 54 56.5 76.5 66.5 43 87.5 89 64 7 5 76 59 0 0 1 552 0.5 
22/04 00:32:36 0.9 3 0 62.5 55 77.5 70 57.5 99.5 99.5 62.5 9 5 101 0 0 0 0 36 0.5 
22/04 00:32:39 0.9 2.5 1 58.5 55.5 71.5 72 54.5 98 100 61.5 9 5 99 79 0 0 0 970 0.5 
22/04 00:35:52 0.9 4.5 0 64 65.5 86.5 72.5 56.5 99.5 99.5 73.5 10.5 5 99 0 0 1 0 81 0.5 
22/04 00:35:54 0.9 1 0 62.5 55.5 82 50.5 50.5 77.5 77.5 66 6.5 5 96 0 0 0 1 94 0.5 
22/04 00:35:55 0.9 0 1 62 52 76 53 44.5 78 80 62 4 5 103 88 0 0 1 704 0.5 
22/04 00:35:58 0.9 1 0 61.5 45 75 69 52.5 99.5 99.5 64.5 6 5 117 0 0 0 0 984 0.5 
22/04 00:36:00 0.9 2 1 60.5 57.5 78 69 56 99 100 65.5 5 5 89 70 0 0 0 170 0.5 
22/04 00:37:08 0.9 5.5 0 63 59.5 83.5 70 55.5 99 100 70 12 5 88 0 0 1 0 670 0.5 
22/04 00:37:10 0.9 0 0 61 52.5 71.5 61.5 50 81.5 82.5 61 8 5 89 0 0 0 1 658 0.5 
22/04 00:37:11 0.9 2.5 1 61.5 53.5 79 56 52.5 88.5 88.5 67 11.5 5 89 61 0 0 1 777 0.5 
22/04 00:37:13 0.9 1.5 0 60.5 56.5 79.5 69.5 54.5 100 100 65 7 5 89 0 0 0 0 154 0.5 
22/04 00:37:16 0.9 1.5 1 65.5 51.5 76.5 61.5 48 96.5 99.5 67 10.5 5 92 72 0 0 0 266 0.5 
22/04 00:44:34 0.9 3.71795 0 63.9744 59.1026 79.4872 68.8462 51.9231 98.7179 100 66.0256 8.71795 5 272 0 0 1 0 444 0.5 
22/04 00:44:37 0.9 0.675676 0 62.2973 49.4595 73.3784 59.5946 53.5135 83.1081 83.2432 62.7027 6.48649 5 239 0 0 0 1 999 0.5 
22/04 00:44:41 0.9 0.268456 1 59.3289 50.604 73.0201 57.8523 50.604 84.2953 86.1745 62.1477 6.30872 5 261 204 1 0 1 270 0.5 
22/04 00:44:49 0.9 2.48691 0 60.4712 50.7853 78.2723 69.6335 54.8429 97.1204 99.8691 62.8272 8.90052 5 275 0 0 0 0 980 0.5 
22/04 00:44:56 0.9 1.38313 1 60.4426 51.314 78.4232 65.8368 54.7718 98.7552 100 66.805 8.85201 5 247 181 3 0 0 440 0.5 
22/04 00:46:52 0.9 6.67557 0 66.2216 55.5407 79.1722 70.3605 52.3364 99.3324 100 70.3605 11.6155 5 242 0 0 1 0 581 0.5 
22/04 00:46:55 0.9 0.670241 0 62.7346 52.9491 76.9437 58.7131 51.4745 82.5737 82.0375 62.8686 10.5898 5 228 0 0 0 1 528 0.5 
22/04 00:46:58 0.9 0.128535 1 60.9254 47.4293 76.9923 58.6118 50.6427 83.162 85.09 61.5681 8.99743 5 266 211 1 0 1 950 0.5 
22/04 00:47:05 0.9 3.38542 0 60.1562 52.7344 77.6042 70.1823 54.2969 97.526 100 62.3698 8.72396 5 266 0 0 0 0 470 0.5 
22/04 00:47:12 0.9 1.24481 1 58.2296 56.0166 77.455 64.3154 52.8354 98.4786 99.8617 64.3154 8.16044 5 251 188 0 0 0 325 0.5 
22/04 00:52:23 0.9 4.96732 0 66.1438 58.6928 80.7843 69.9346 56.6013 98.9542 99.8693 68.366 10.1961 5 410 0 0 1 0 510 0.5 
22/04 00:52:26 0.9 0.915033 0 63.0065 53.3333 78.3007 62.4837 53.8562 83.5294 84.8366 64.183 6.27451 5 403 0 0 0 1 518 0.5 
22/04 00:52:30 0.9 0.78534 1 62.6963 51.8325 77.356 61.3874 54.4503 85.3403 86.1257 62.0419 8.50785 5 410 326 0 0 1 980 0.5 
22/04 00:53:11 0.9 5.13158 0 65.6579 55.6579 80.3947 73.1579 56.0526 98.6842 100 68.0263 10.6579 5 403 0 0 1 0 995 0.5 
22/04 00:53:14 0.9 0.655308 0 64.3512 52.4246 78.1127 57.1429 49.9345 81.3893 82.6999 63.0406 6.8152 5 404 0 0 0 1 760 0.5 
22/04 00:53:18 0.9 0.89172 1 59.7452 56.8153 78.5987 60.1274 52.1019 86.1146 87.5159 65.6051 7.51592 5 411 300 2 0 1 429 0.5 
22/04 00:54:05 0.9 4.48143 0 67.6056 56.21 80.2817 70.2945 57.4904 98.2074 99.6159 69.2702 10.6274 5 416 0 0 1 0 14 0.5 
22/04 00:54:08 0.9 1.04302 0 63.3638 54.1069 77.575 55.5411 51.6297 80.3129 81.7471 63.2334 8.21382 5 420 0 0 0 1 380 0.5 
22/04 00:54:11 0.9 0.537634 1 61.6935 55.7796 77.1505 57.3925 48.6559 85.0806 86.4247 63.4409 7.12366 5 380 306 1 0 1 904 0.5 
22/04 00:54:19 0.9 3.28084 0 63.5171 56.9554 79.1339 67.4541 56.2992 98.8189 99.8688 65.748 8.39895 5 395 0 0 0 0 521 0.5 
22/04 00:54:27 0.9 2.60546 1 62.6551 56.0794 79.2804 68.7345 52.6055 97.8908 99.7519 65.7568 7.69231 5 469 360 0 0 0 13 0.5 
22/04 01:01:41 0.9 4.22886 0 64.4279 56.7164 79.3532 68.7811 57.7114 98.6318 100 70.6468 10.5721 5 438 0 0 1 0 674 0.5 
22/04 01:01:43 0.9 0.807537 0 65.0067 53.9704 76.0431 60.1615 50.4711 80.0808 80.8883 61.2382 6.99865 5 382 0 0 0 1 681 0.5 
22/04 01:01:47 0.9 0.939597 1 60.2685 54.8993 77.1812 62.1477 54.4966 85.3691 87.651 63.4899 7.51678 5 401 300 1 0 1 822 0.5 
22/04 01:01:54 0.9 4.84076 0 63.5669 58.4713 79.8726 70.3185 54.0127 98.2166 100 66.7516 10.0637 5 441 0 0 0 0 176 0.5 
22/04 01:02:02 0.9 4.67762 1 63.8432 57.6485 78.0025 67.5095 55.7522 98.7358 99.6207 67.6359 9.86094 5 444 336 1 0 0 796 0.5 
22/04 01:02:52 0.9 1 0 63 50 77 68 53 99 100 71 5 5 55 0 0 1 0 342 0.5 
22/04 01:02:53 0.9 0 0 70 49 77 57 54 78 76 57 14 5 52 0 0 0 1 587 0.5 
22/04 01:02:54 0.9 0 1 70 48 79 68 52 87 89 67 0 5 47 33 1 0 1 337 0.5 
22/04 01:02:56 0.9 2 0 68 52 73 71 48 98 100 54 7 5 42 0 0 0 0 350 0.5 
22/04 01:02:58 0.9 5 1 74 54 72 69 61 99 100 60 11 5 66 44 0 0 0 961 0.5 
22/04 01:06:29 0.9 3 0 65 48 82 78 52 99 100 60 13 5 46 0 0 1 0 209 0.5 
22/04 01:06:31 0.9 1 0 63 58 82 62 50 85 87 65 9 5 51 0 0 0 1 107 0.5 
22/04 01:06:32 0.9 2 1 58 64 77 63 56 86 88 61 7 5 46 35 0 0 1 444 0.5 
22/04 01:06:34 0.9 4 0 63 50 80 70 61 99 100 56 6 5 55 0 0 0 0 391 0.5 
22/04 01:06:35 0.9 5 1 62 54 77 75 58 99 99 69 9 5 40 33 0 0 0 163 0.5 
22/04 01:12:00 0.9 6 0 68 63 82 70 50 100 100 69 11 5 43 0 0 1 0 840 0.5 
22/04 01:12:01 0.9 0 0 68 48 72 55 55 80 82 58 2 5 55 0 0 0 1 605 0.5 
22/04 01:12:03 0.9 1 1 56 48 78 60 42 85 86 70 5 5 76 59 0 0 1 11 0.5 
22/04 01:12:04 0.9 5 0 64 65 82 67 51 99 100 59 10 5 55 0 0 0 0 548 0.5 
22/04 01:12:06 0.9 5 1 69 61 84 69 51 97 100 75 10 5 49 31 0 0 0 442 0.5 
22/04 01:13:26 0.9 2.63505 0 69.4335 57.444 82.6087 68.9065 53.8867 98.0237 100 70.751 10.0132 5 282 0 0 1 0 91 0.5 
22/04 01:13:29 0.9 0.677507 0 60.0271 51.7615 77.2358 63.6856 55.2846 79.1328 81.1653 60.9756 6.36856 5 266 0 0 0 1 802 0.5 
22/04 01:13:32 0.9 0.85592 1 59.4864 54.6362 78.0314 59.0585 50.7846 85.1641 86.1626 65.4779 5.56348 5 246 201 0 0 1 79 0.5 
22/04 01:13:40 0.9 2.73381 0 66.6187 53.6691 77.554 70.6475 52.0863 98.2734 99.8561 65.1799 8.20144 5 225 0 0 0 0 983 0.5 
22/04 01:13:47 0.9 4.02597 1 64.2857 60.5195 77.9221 72.4675 57.4026 98.8312 99.8701 69.2208 9.22078 5 255 191 0 0 0 828 0.5 
22/04 01:15:29 0.1 4.1 0 68 56 79.4 73 55.9 98 99.7 65.8 9.9 5 1021 0 0 1 0 996 0.5 
22/04 01:15:32 0.1 0.4 0 60.2 52.7 76.8 47.1 44.9 58.2 58.2 64.6 5.7 5 1027 0 0 0 1 345 0.5 
22/04 01:15:40 0.1 0.8 1 57.1 47 74.5 51.4 49.9 72.8 74.6 63 4.6 5 1040 741 7 0 1 263 0.5 
22/04 01:15:50 0.1 3.5 0 62.1 57.4 80.9 65.5 55.5 98.6 99.7 67.1 9 5 1017 0 0 0 0 738 0.5 
22/04 01:16:02 0.1 3.1 1 61.8 56.2 78.7 67.2 52.5 97.9 100 64.5 9.2 5 1024 724 5 0 0 981 0.5 
22/04 01:19:22 0.1 0 0 66.1 55.9 78.4 73.8 43.4 99 100 2.6 0.1 5 1041 0 0 1 0 444 0.5 
22/04 01:19:26 0.1 0.6 0 59.1 52.9 76.5 50.1 47.4 60.7 61.7 67.6 6.6 5 953 0 0 0 1 217 0.5 
22/04 01:19:33 0.1 0.8 1 60 51 74.8 51.8 50.1 74.2 76.1 62.2 7.9 5 1029 703 7 0 1 303 0.5 
22/04 01:19:43 0.1 0 0 9.5 37.7 45.9 66.2 52.6 98.9 99.8 61.9 0 5 1060 0 0 0 0 471 0.5 
22/04 01:20:06 0.9 0 0 0.639386 20.844 21.3555 73.1458 57.8005 99.4885 100 65.2174 0 5 247 0 0 1 0 923 0.5 
22/04 01:20:09 0.9 1.46277 0 64.6277 49.867 77.5266 61.7021 54.7872 81.7819 81.9149 66.4894 7.57979 5 268 0 0 0 1 302 0.5 
22/04 01:20:13 0.9 1.62822 1 66.4858 53.3243 75.1696 56.8521 54.0027 81.8182 82.6323 67.5712 8.2768 5 289 226 0 0 1 644 0.5 
22/04 01:20:22 0.9 0 0 52.2048 46.0882 60.5974 72.1195 57.1835 98.0085 99.2888 63.7269 0 5 245 0 0 0 0 13 0.5 
22/04 01:20:30 0.9 0 1 49.4413 52.095 69.6927 66.3408 52.7933 97.905 100 68.4358 0 5 251 194 1 0 0 404 0.5 
22/04 01:22:42 0.5 5.9 0 68.1 56.9 78.6 70.9 58.3 99 99.9 68 11.8 5 601 0 0 1 0 546 0.5 
22/04 01:22:46 0.5 0.8 0 61.8 50.8 78.7 53.9 47.8 79 79.9 62.3 5.8 5 611 0 0 0 1 129 0.5 
22/04 01:22:50 0.5 0.7 1 61.9 54 77.8 56.3 48.5 83.1 84.3 65.6 6.9 5 624 455 2 0 1 295 0.5 
22/04 01:22:59 0.5 3.6 0 63 57.1 79.4 67.6 57.5 98.5 99.9 68.7 9.7 5 612 0 0 0 0 52 0.5 
22/04 01:23:09 0.5 4 1 61.4 59.7 81.5 68.2 50.7 98.9 99.9 68.8 11.3 5 616 466 2 0 0 385 0.5 
22/04 01:25:03 0.5 4.7 0 68.5 59.1 81.3 72.3 56.2 99.2 99.9 70.5 10.1 5 607 0 0 1 0 724 0.5 
22/04 01:25:06 0.5 33.5 0 76.5 71.5 86.5 76.6 72 91.7 92.4 77.6 48.3 5 699 0 0 0 1 873 0.5 
22/04 01:25:10 0.5 33.8 1 77.6 72.3 85.8 78.3 75.6 93.9 95.2 77.6 54.2 5 707 5 0 0 1 95 0.5 
22/04 01:25:19 0.5 16.4 0 73.5 62.5 82.3 81.1 68.5 98.6 99.7 73.9 32 5 707 5 0 0 0 271 0.5 
22/04 01:25:29 0.5 17.4 1 77.5 61.8 81.9 80.3 74.6 98.6 99.9 77 33.2 5 707 5 0 0 0 873 0.5 
22/04 01:26:40 0.5 5.3 0 64.8 59.7 82.7 72 55.6 98.6 100 69.7 10.9 5 584 0 0 1 0 829 0.5 
22/04 01:26:44 0.5 0.4 0 59.7 55.9 80 52.4 49.3 74.1 75.7 65.5 6 5 616 0 0 0 1 520 0.5 
22/04 01:26:49 0.5 0.3 1 61.7 54.4 76.1 60.4 52.4 81.7 82.4 62.6 5.6 5 614 470 1 0 1 278 0.5 
22/04 01:26:59 0.5 3 0 64.1 55.2 79.9 69.1 56.2 98.8 99.9 67.2 10 5 592 0 0 0 0 849 0.5 
22/04 01:27:11 0.5 4.4 1 61.8 54.5 78 67.6 57.3 98.7 99.9 64.5 10.6 5 619 466 2 0 0 771 0.5 
